2023-05-16 17:07:30 mysql query: select count(*) from subscription where uid=21 and tid=54
2023-05-16 17:07:30 mysql query: select count(*) from reply where tid=54
2023-05-16 17:07:30 mysql query: select username from user where uid=2
2023-05-16 17:07:30 mysql query: select count(*) from subscription where uid=21 and tid=52
2023-05-16 17:07:30 mysql query: select count(*) from reply where tid=52
2023-05-16 17:07:30 mysql query: select username from user where uid=2
2023-05-16 17:07:30 mysql query: select count(*) from subscription where uid=21 and tid=51
2023-05-16 17:07:30 mysql query: select count(*) from reply where tid=51
2023-05-16 17:07:30 mysql query: select username from user where uid=2
2023-05-16 17:07:30 mysql query: select count(*) from subscription where uid=21 and tid=49
2023-05-16 17:07:30 mysql query: select count(*) from reply where tid=49
2023-05-16 17:07:30 mysql query: select username from user where uid=2
2023-05-16 17:07:30 mysql query: select count(*) from subscription where uid=21 and tid=48
2023-05-16 17:07:30 mysql query: select count(*) from reply where tid=48
2023-05-16 17:07:30 mysql query: select username from user where uid=2
2023-05-16 17:07:30 mysql query: select count(*) from subscription where uid=21 and tid=46
2023-05-16 17:07:30 mysql query: select count(*) from reply where tid=46
2023-05-16 17:07:48 mysql query: select id,cat_name,parent_id from category
2023-05-16 17:07:48 mysql query: select cat_name,intro from category where id=1
2023-05-16 17:07:48 mysql query: select count(*) from thread where cat in (1,2,3)
2023-05-16 17:07:48 mysql query: select * from thread where cat in (1,2,3) order by lastreptime desc limit 0,10
2023-05-16 17:07:48 mysql query: select * from reply where tid=65 order by rid desc limit 0,5
2023-05-16 17:07:48 mysql query: select * from reply where tid=61 order by rid desc limit 0,5
2023-05-16 17:07:48 mysql query: select * from reply where tid=57 order by rid desc limit 0,5
2023-05-16 17:07:48 mysql query: select * from reply where tid=53 order by rid desc limit 0,5
2023-05-16 17:07:48 mysql query: select * from reply where tid=54 order by rid desc limit 0,5
2023-05-16 17:07:48 mysql query: select * from reply where tid=52 order by rid desc limit 0,5
2023-05-16 17:07:48 mysql query: select * from reply where tid=51 order by rid desc limit 0,5
2023-05-16 17:07:48 mysql query: select * from reply where tid=49 order by rid desc limit 0,5
2023-05-16 17:07:48 mysql query: select * from reply where tid=48 order by rid desc limit 0,5
2023-05-16 17:07:48 mysql query: select * from reply where tid=46 order by rid desc limit 0,5
2023-05-16 17:07:48 mysql query: select count(*) from subscription where uid=21 and tid=65
2023-05-16 17:07:48 mysql query: select count(*) from reply where tid=65
2023-05-16 17:07:48 mysql query: select username from user where uid=2
2023-05-16 17:07:48 mysql query: select count(*) from subscription where uid=21 and tid=61
2023-05-16 17:07:48 mysql query: select count(*) from reply where tid=61
2023-05-16 17:07:48 mysql query: select username from user where uid=2
2023-05-16 17:07:48 mysql query: select count(*) from subscription where uid=21 and tid=57
2023-05-16 17:07:48 mysql query: select count(*) from reply where tid=57
2023-05-16 17:07:48 mysql query: select username from user where uid=2
2023-05-16 17:07:48 mysql query: select count(*) from subscription where uid=21 and tid=53
2023-05-16 17:07:48 mysql query: select count(*) from reply where tid=53
2023-05-16 17:07:48 mysql query: select count(*) from subscription where uid=21 and tid=54
2023-05-16 17:07:48 mysql query: select count(*) from reply where tid=54
2023-05-16 17:07:48 mysql query: select username from user where uid=2
2023-05-16 17:07:48 mysql query: select count(*) from subscription where uid=21 and tid=52
2023-05-16 17:07:48 mysql query: select count(*) from reply where tid=52
2023-05-16 17:07:48 mysql query: select username from user where uid=2
2023-05-16 17:07:48 mysql query: select count(*) from subscription where uid=21 and tid=51
2023-05-16 17:07:48 mysql query: select count(*) from reply where tid=51
2023-05-16 17:07:48 mysql query: select username from user where uid=2
2023-05-16 17:07:48 mysql query: select count(*) from subscription where uid=21 and tid=49
2023-05-16 17:07:48 mysql query: select count(*) from reply where tid=49
2023-05-16 17:07:48 mysql query: select username from user where uid=2
2023-05-16 17:07:48 mysql query: select count(*) from subscription where uid=21 and tid=48
2023-05-16 17:07:48 mysql query: select count(*) from reply where tid=48
2023-05-16 17:07:48 mysql query: select username from user where uid=2
2023-05-16 17:07:48 mysql query: select count(*) from subscription where uid=21 and tid=46
2023-05-16 17:07:48 mysql query: select count(*) from reply where tid=46
2023-05-16 17:08:23 mysql query: select id,cat_name,parent_id from category
2023-05-16 17:08:23 mysql query: select cat_name,intro from category where id=1
2023-05-16 17:08:23 mysql query: select count(*) from thread where cat in (1,2,3)
2023-05-16 17:08:23 mysql query: select * from thread where cat in (1,2,3) order by lastreptime desc limit 0,10
2023-05-16 17:08:23 mysql query: select * from reply where tid=65 order by rid desc limit 0,5
2023-05-16 17:08:23 mysql query: select * from reply where tid=61 order by rid desc limit 0,5
2023-05-16 17:08:23 mysql query: select * from reply where tid=57 order by rid desc limit 0,5
2023-05-16 17:08:23 mysql query: select * from reply where tid=53 order by rid desc limit 0,5
2023-05-16 17:08:23 mysql query: select * from reply where tid=54 order by rid desc limit 0,5
2023-05-16 17:08:23 mysql query: select * from reply where tid=52 order by rid desc limit 0,5
2023-05-16 17:08:23 mysql query: select * from reply where tid=51 order by rid desc limit 0,5
2023-05-16 17:08:23 mysql query: select * from reply where tid=49 order by rid desc limit 0,5
2023-05-16 17:08:23 mysql query: select * from reply where tid=48 order by rid desc limit 0,5
2023-05-16 17:08:23 mysql query: select * from reply where tid=46 order by rid desc limit 0,5
2023-05-16 17:08:23 mysql query: select count(*) from subscription where uid=21 and tid=65
2023-05-16 17:08:23 mysql query: select count(*) from reply where tid=65
2023-05-16 17:08:23 mysql query: select username from user where uid=2
2023-05-16 17:08:23 mysql query: select count(*) from subscription where uid=21 and tid=61
2023-05-16 17:08:23 mysql query: select count(*) from reply where tid=61
2023-05-16 17:08:23 mysql query: select username from user where uid=2
2023-05-16 17:08:23 mysql query: select count(*) from subscription where uid=21 and tid=57
2023-05-16 17:08:23 mysql query: select count(*) from reply where tid=57
2023-05-16 17:08:23 mysql query: select username from user where uid=2
2023-05-16 17:08:23 mysql query: select count(*) from subscription where uid=21 and tid=53
2023-05-16 17:08:23 mysql query: select count(*) from reply where tid=53
2023-05-16 17:08:23 mysql query: select count(*) from subscription where uid=21 and tid=54
2023-05-16 17:08:23 mysql query: select count(*) from reply where tid=54
2023-05-16 17:08:23 mysql query: select username from user where uid=2
2023-05-16 17:08:23 mysql query: select count(*) from subscription where uid=21 and tid=52
2023-05-16 17:08:23 mysql query: select count(*) from reply where tid=52
2023-05-16 17:08:23 mysql query: select username from user where uid=2
2023-05-16 17:08:23 mysql query: select count(*) from subscription where uid=21 and tid=51
2023-05-16 17:08:23 mysql query: select count(*) from reply where tid=51
2023-05-16 17:08:23 mysql query: select username from user where uid=2
2023-05-16 17:08:23 mysql query: select count(*) from subscription where uid=21 and tid=49
2023-05-16 17:08:23 mysql query: select count(*) from reply where tid=49
2023-05-16 17:08:23 mysql query: select username from user where uid=2
2023-05-16 17:08:23 mysql query: select count(*) from subscription where uid=21 and tid=48
2023-05-16 17:08:23 mysql query: select count(*) from reply where tid=48
2023-05-16 17:08:23 mysql query: select username from user where uid=2
2023-05-16 17:08:23 mysql query: select count(*) from subscription where uid=21 and tid=46
2023-05-16 17:08:23 mysql query: select count(*) from reply where tid=46
2023-05-16 17:09:43 mysql query: select id,cat_name,parent_id from category
2023-05-16 17:09:43 mysql query: select cat_name,intro from category where id=1
2023-05-16 17:09:43 mysql query: select count(*) from thread where cat in (1,2,3)
2023-05-16 17:09:43 mysql query: select * from thread where cat in (1,2,3) order by lastreptime desc limit 0,10
2023-05-16 17:09:43 mysql query: select * from reply where tid=65 order by rid desc limit 0,5
2023-05-16 17:09:43 mysql query: select * from reply where tid=61 order by rid desc limit 0,5
2023-05-16 17:09:43 mysql query: select * from reply where tid=57 order by rid desc limit 0,5
2023-05-16 17:09:43 mysql query: select * from reply where tid=53 order by rid desc limit 0,5
2023-05-16 17:09:43 mysql query: select * from reply where tid=54 order by rid desc limit 0,5
2023-05-16 17:09:43 mysql query: select * from reply where tid=52 order by rid desc limit 0,5
2023-05-16 17:09:43 mysql query: select * from reply where tid=51 order by rid desc limit 0,5
2023-05-16 17:09:43 mysql query: select * from reply where tid=49 order by rid desc limit 0,5
2023-05-16 17:09:43 mysql query: select * from reply where tid=48 order by rid desc limit 0,5
2023-05-16 17:09:43 mysql query: select * from reply where tid=46 order by rid desc limit 0,5
2023-05-16 17:09:43 mysql query: select count(*) from subscription where uid=21 and tid=65
2023-05-16 17:09:43 mysql query: select count(*) from reply where tid=65
2023-05-16 17:09:43 mysql query: select username from user where uid=2
2023-05-16 17:09:43 mysql query: select count(*) from subscription where uid=21 and tid=61
2023-05-16 17:09:43 mysql query: select count(*) from reply where tid=61
2023-05-16 17:09:43 mysql query: select username from user where uid=2
2023-05-16 17:09:43 mysql query: select count(*) from subscription where uid=21 and tid=57
2023-05-16 17:09:43 mysql query: select count(*) from reply where tid=57
2023-05-16 17:09:43 mysql query: select username from user where uid=2
2023-05-16 17:09:43 mysql query: select count(*) from subscription where uid=21 and tid=53
2023-05-16 17:09:43 mysql query: select count(*) from reply where tid=53
2023-05-16 17:09:43 mysql query: select count(*) from subscription where uid=21 and tid=54
2023-05-16 17:09:43 mysql query: select count(*) from reply where tid=54
2023-05-16 17:09:43 mysql query: select username from user where uid=2
2023-05-16 17:09:43 mysql query: select count(*) from subscription where uid=21 and tid=52
2023-05-16 17:09:43 mysql query: select count(*) from reply where tid=52
2023-05-16 17:09:43 mysql query: select username from user where uid=2
2023-05-16 17:09:43 mysql query: select count(*) from subscription where uid=21 and tid=51
2023-05-16 17:09:43 mysql query: select count(*) from reply where tid=51
2023-05-16 17:09:43 mysql query: select username from user where uid=2
2023-05-16 17:09:43 mysql query: select count(*) from subscription where uid=21 and tid=49
2023-05-16 17:09:43 mysql query: select count(*) from reply where tid=49
2023-05-16 17:09:43 mysql query: select username from user where uid=2
2023-05-16 17:09:43 mysql query: select count(*) from subscription where uid=21 and tid=48
2023-05-16 17:09:43 mysql query: select count(*) from reply where tid=48
2023-05-16 17:09:43 mysql query: select username from user where uid=2
2023-05-16 17:09:43 mysql query: select count(*) from subscription where uid=21 and tid=46
2023-05-16 17:09:43 mysql query: select count(*) from reply where tid=46
2023-05-16 17:10:35 mysql query: select id,cat_name,parent_id from category
2023-05-16 17:10:35 mysql query: select cat_name,intro from category where id=1
2023-05-16 17:10:35 mysql query: select count(*) from thread where cat in (1,2,3)
2023-05-16 17:10:35 mysql query: select * from thread where cat in (1,2,3) order by lastreptime desc limit 0,10
2023-05-16 17:10:35 mysql query: select * from reply where tid=65 order by rid desc limit 0,5
2023-05-16 17:10:35 mysql query: select * from reply where tid=61 order by rid desc limit 0,5
2023-05-16 17:10:35 mysql query: select * from reply where tid=57 order by rid desc limit 0,5
2023-05-16 17:10:35 mysql query: select * from reply where tid=53 order by rid desc limit 0,5
2023-05-16 17:10:35 mysql query: select * from reply where tid=54 order by rid desc limit 0,5
2023-05-16 17:10:35 mysql query: select * from reply where tid=52 order by rid desc limit 0,5
2023-05-16 17:10:35 mysql query: select * from reply where tid=51 order by rid desc limit 0,5
2023-05-16 17:10:35 mysql query: select * from reply where tid=49 order by rid desc limit 0,5
2023-05-16 17:10:35 mysql query: select * from reply where tid=48 order by rid desc limit 0,5
2023-05-16 17:10:35 mysql query: select * from reply where tid=46 order by rid desc limit 0,5
2023-05-16 17:10:35 mysql query: select count(*) from subscription where uid=21 and tid=65
2023-05-16 17:10:35 mysql query: select count(*) from reply where tid=65
2023-05-16 17:10:35 mysql query: select username from user where uid=2
2023-05-16 17:10:35 mysql query: select count(*) from subscription where uid=21 and tid=61
2023-05-16 17:10:35 mysql query: select count(*) from reply where tid=61
2023-05-16 17:10:35 mysql query: select username from user where uid=2
2023-05-16 17:10:35 mysql query: select count(*) from subscription where uid=21 and tid=57
2023-05-16 17:10:35 mysql query: select count(*) from reply where tid=57
2023-05-16 17:10:35 mysql query: select username from user where uid=2
2023-05-16 17:10:35 mysql query: select count(*) from subscription where uid=21 and tid=53
2023-05-16 17:10:35 mysql query: select count(*) from reply where tid=53
2023-05-16 17:10:35 mysql query: select count(*) from subscription where uid=21 and tid=54
2023-05-16 17:10:35 mysql query: select count(*) from reply where tid=54
2023-05-16 17:10:35 mysql query: select username from user where uid=2
2023-05-16 17:10:35 mysql query: select count(*) from subscription where uid=21 and tid=52
2023-05-16 17:10:35 mysql query: select count(*) from reply where tid=52
2023-05-16 17:10:35 mysql query: select username from user where uid=2
2023-05-16 17:10:35 mysql query: select count(*) from subscription where uid=21 and tid=51
2023-05-16 17:10:35 mysql query: select count(*) from reply where tid=51
2023-05-16 17:10:35 mysql query: select username from user where uid=2
2023-05-16 17:10:35 mysql query: select count(*) from subscription where uid=21 and tid=49
2023-05-16 17:10:35 mysql query: select count(*) from reply where tid=49
2023-05-16 17:10:35 mysql query: select username from user where uid=2
2023-05-16 17:10:35 mysql query: select count(*) from subscription where uid=21 and tid=48
2023-05-16 17:10:35 mysql query: select count(*) from reply where tid=48
2023-05-16 17:10:35 mysql query: select username from user where uid=2
2023-05-16 17:10:35 mysql query: select count(*) from subscription where uid=21 and tid=46
2023-05-16 17:10:35 mysql query: select count(*) from reply where tid=46
